[14:04:18] [main/INFO]: Setting user: Player364
[14:04:19] [Client thread/INFO]: LWJGL Version: 2.9.1
[14:04:29] [Client thread/INFO]: Reloading ResourceManager: Default, FMLFileResourcePack:Forge Mod Loader, FMLFileResourcePack:Minecraft Forge, FMLFileResourcePack:Atomix Power
[14:04:30] [Sound Library Loader/INFO]: Sound engine started
[14:04:31] [Client thread/INFO]: Created: 16x16 textures/blocks-atlas
[14:04:31] [Client thread/INFO]: Created: 16x16 textures/items-atlas
[14:04:31] [Client thread/INFO]: Reloading ResourceManager: Default, FMLFileResourcePack:Forge Mod Loader, FMLFileResourcePack:Minecraft Forge, FMLFileResourcePack:Atomix Power
[14:04:32] [Client thread/INFO]: Created: 512x512 textures/blocks-atlas
[14:04:32] [Client thread/INFO]: Created: 512x256 textures/items-atlas
[14:04:33] [Sound Library Loader/INFO]: Sound engine started
[14:04:37] [Server thread/INFO]: Starting integrated minecraft server version 1.7.10
[14:04:37] [Server thread/INFO]: Generating keypair
[14:04:40] [Server thread/INFO]: Preparing start region for level 0
[14:04:41] [Server thread/INFO]: Preparing spawn area: 74%
[14:04:41] [Server thread/INFO]: Changing view distance to 8, from 10
[14:04:42] [Server thread/INFO]: Player364[local:E:c03185aa] logged in with entity id 278 at (-156.56912681800728, 68.0, 264.4060834696059)
[14:04:42] [Server thread/INFO]: Player364 joined the game
[14:04:48] [Server thread/INFO]: Saving and pausing game...
[14:04:48] [Server thread/INFO]: Saving chunks for level 'New World'/Overworld
[14:04:48] [Server thread/INFO]: Saving chunks for level 'New World'/Nether
[14:04:48] [Server thread/INFO]: Saving chunks for level 'New World'/The End
[14:05:15] [Server thread/INFO]: Saving and pausing game...
[14:05:15] [Server thread/INFO]: Saving chunks for level 'New World'/Overworld
[14:05:15] [Server thread/INFO]: Saving chunks for level 'New World'/Nether
[14:05:15] [Server thread/INFO]: Saving chunks for level 'New World'/The End
[14:05:32] [Server thread/INFO]: Saving and pausing game...
[14:05:32] [Server thread/INFO]: Saving chunks for level 'New World'/Overworld
[14:05:32] [Server thread/INFO]: Saving chunks for level 'New World'/Nether
[14:05:32] [Server thread/INFO]: Saving chunks for level 'New World'/The End
[14:05:43] [Server thread/INFO]: Saving and pausing game...
[14:05:44] [Server thread/INFO]: Saving chunks for level 'New World'/Overworld
[14:05:44] [Server thread/INFO]: Saving chunks for level 'New World'/Nether
[14:05:44] [Server thread/INFO]: Saving chunks for level 'New World'/The End
[14:05:54] [Server thread/INFO]: Saving and pausing game...
[14:05:54] [Server thread/INFO]: Saving chunks for level 'New World'/Overworld
[14:05:54] [Server thread/INFO]: Saving chunks for level 'New World'/Nether
[14:05:54] [Server thread/INFO]: Saving chunks for level 'New World'/The End
[14:06:09] [Server thread/INFO]: Saving and pausing game...
[14:06:09] [Server thread/INFO]: Saving chunks for level 'New World'/Overworld
[14:06:09] [Server thread/INFO]: Saving chunks for level 'New World'/Nether
[14:06:09] [Server thread/INFO]: Saving chunks for level 'New World'/The End
[14:06:42] [Server thread/INFO]: Saving and pausing game...
[14:06:42] [Server thread/INFO]: Saving chunks for level 'New World'/Overworld
[14:06:42] [Server thread/INFO]: Saving chunks for level 'New World'/Nether
[14:06:42] [Server thread/INFO]: Saving chunks for level 'New World'/The End
[14:06:57] [Server thread/INFO]: Saving and pausing game...
[14:06:57] [Server thread/INFO]: Saving chunks for level 'New World'/Overworld
[14:06:57] [Server thread/INFO]: Saving chunks for level 'New World'/Nether
[14:06:57] [Server thread/INFO]: Saving chunks for level 'New World'/The End
[14:07:08] [Server thread/INFO]: Saving and pausing game...
[14:07:08] [Server thread/INFO]: Saving chunks for level 'New World'/Overworld
[14:07:08] [Server thread/INFO]: Saving chunks for level 'New World'/Nether
[14:07:08] [Server thread/INFO]: Saving chunks for level 'New World'/The End
[14:07:41] [Server thread/INFO]: Saving and pausing game...
[14:07:41] [Server thread/INFO]: Saving chunks for level 'New World'/Overworld
[14:07:41] [Server thread/INFO]: Saving chunks for level 'New World'/Nether
[14:07:41] [Server thread/INFO]: Saving chunks for level 'New World'/The End
[14:08:06] [Server thread/INFO]: Saving and pausing game...
[14:08:06] [Server thread/INFO]: Saving chunks for level 'New World'/Overworld
[14:08:06] [Server thread/INFO]: Saving chunks for level 'New World'/Nether
[14:08:06] [Server thread/INFO]: Saving chunks for level 'New World'/The End
[14:08:18] [Server thread/INFO]: Saving and pausing game...
[14:08:18] [Server thread/INFO]: Saving chunks for level 'New World'/Overworld
[14:08:18] [Server thread/INFO]: Saving chunks for level 'New World'/Nether
[14:08:18] [Server thread/INFO]: Saving chunks for level 'New World'/The End
[14:08:38] [Server thread/INFO]: Saving and pausing game...
[14:08:38] [Server thread/INFO]: Saving chunks for level 'New World'/Overworld
[14:08:38] [Server thread/INFO]: Saving chunks for level 'New World'/Nether
[14:08:38] [Server thread/INFO]: Saving chunks for level 'New World'/The End
[14:08:44] [Server thread/INFO]: Saving and pausing game...
[14:08:44] [Server thread/INFO]: Saving chunks for level 'New World'/Overworld
[14:08:44] [Server thread/INFO]: Saving chunks for level 'New World'/Nether
[14:08:44] [Server thread/INFO]: Saving chunks for level 'New World'/The End
[14:08:56] [Server thread/INFO]: Saving and pausing game...
[14:08:56] [Server thread/INFO]: Saving chunks for level 'New World'/Overworld
[14:08:56] [Server thread/INFO]: Saving chunks for level 'New World'/Nether
[14:08:56] [Server thread/INFO]: Saving chunks for level 'New World'/The End
[14:09:03] [Server thread/INFO]: Saving and pausing game...
[14:09:03] [Server thread/INFO]: Saving chunks for level 'New World'/Overworld
[14:09:03] [Server thread/INFO]: Saving chunks for level 'New World'/Nether
[14:09:03] [Server thread/INFO]: Saving chunks for level 'New World'/The End
[14:09:31] [Server thread/INFO]: Saving and pausing game...
[14:09:31] [Server thread/INFO]: Saving chunks for level 'New World'/Overworld
[14:09:31] [Server thread/INFO]: Saving chunks for level 'New World'/Nether
[14:09:31] [Server thread/INFO]: Saving chunks for level 'New World'/The End
[14:09:59] [Server thread/INFO]: Saving and pausing game...
[14:09:59] [Server thread/INFO]: Saving chunks for level 'New World'/Overworld
[14:09:59] [Server thread/INFO]: Saving chunks for level 'New World'/Nether
[14:09:59] [Server thread/INFO]: Saving chunks for level 'New World'/The End
[14:10:08] [Server thread/INFO]: Saving and pausing game...
[14:10:08] [Server thread/INFO]: Saving chunks for level 'New World'/Overworld
[14:10:08] [Server thread/INFO]: Saving chunks for level 'New World'/Nether
[14:10:08] [Server thread/INFO]: Saving chunks for level 'New World'/The End
[14:10:13] [Server thread/INFO]: Saving and pausing game...
[14:10:13] [Server thread/INFO]: Saving chunks for level 'New World'/Overworld
[14:10:13] [Server thread/INFO]: Saving chunks for level 'New World'/Nether
[14:10:13] [Server thread/INFO]: Saving chunks for level 'New World'/The End
[14:10:23] [Server thread/INFO]: Saving and pausing game...
[14:10:23] [Server thread/INFO]: Saving chunks for level 'New World'/Overworld
[14:10:23] [Server thread/INFO]: Saving chunks for level 'New World'/Nether
[14:10:23] [Server thread/INFO]: Saving chunks for level 'New World'/The End
[14:10:26] [Server thread/INFO]: Saving and pausing game...
[14:10:26] [Server thread/INFO]: Saving chunks for level 'New World'/Overworld
[14:10:26] [Server thread/INFO]: Saving chunks for level 'New World'/Nether
[14:10:26] [Server thread/INFO]: Saving chunks for level 'New World'/The End
[14:10:38] [Server thread/INFO]: Saving and pausing game...
[14:10:38] [Server thread/INFO]: Saving chunks for level 'New World'/Overworld
[14:10:38] [Server thread/INFO]: Saving chunks for level 'New World'/Nether
[14:10:38] [Server thread/INFO]: Saving chunks for level 'New World'/The End
[14:10:52] [Server thread/INFO]: Saving and pausing game...
[14:10:52] [Server thread/INFO]: Saving chunks for level 'New World'/Overworld
[14:10:52] [Server thread/INFO]: Saving chunks for level 'New World'/Nether
[14:10:52] [Server thread/INFO]: Saving chunks for level 'New World'/The End
[14:11:04] [Server thread/INFO]: Saving and pausing game...
[14:11:04] [Server thread/INFO]: Saving chunks for level 'New World'/Overworld
[14:11:04] [Server thread/INFO]: Saving chunks for level 'New World'/Nether
[14:11:04] [Server thread/INFO]: Saving chunks for level 'New World'/The End
[14:11:11] [Server thread/INFO]: Saving and pausing game...
[14:11:11] [Server thread/INFO]: Saving chunks for level 'New World'/Overworld
[14:11:11] [Server thread/INFO]: Saving chunks for level 'New World'/Nether
[14:11:11] [Server thread/INFO]: Saving chunks for level 'New World'/The End
[14:11:22] [Server thread/INFO]: Saving and pausing game...
[14:11:22] [Server thread/INFO]: Saving chunks for level 'New World'/Overworld
[14:11:22] [Server thread/INFO]: Saving chunks for level 'New World'/Nether
[14:11:22] [Server thread/INFO]: Saving chunks for level 'New World'/The End
[14:11:40] [Server thread/INFO]: Saving and pausing game...
[14:11:40] [Server thread/INFO]: Saving chunks for level 'New World'/Overworld
[14:11:40] [Server thread/INFO]: Saving chunks for level 'New World'/Nether
[14:11:40] [Server thread/INFO]: Saving chunks for level 'New World'/The End
[14:11:47] [Server thread/INFO]: Saving and pausing game...
[14:11:47] [Server thread/INFO]: Saving chunks for level 'New World'/Overworld
[14:11:47] [Server thread/INFO]: Saving chunks for level 'New World'/Nether
[14:11:47] [Server thread/INFO]: Saving chunks for level 'New World'/The End
[14:12:11] [Server thread/INFO]: Saving and pausing game...
[14:12:11] [Server thread/INFO]: Saving chunks for level 'New World'/Overworld
[14:12:11] [Server thread/INFO]: Saving chunks for level 'New World'/Nether
[14:12:11] [Server thread/INFO]: Saving chunks for level 'New World'/The End
[14:12:21] [Server thread/INFO]: Saving and pausing game...
[14:12:21] [Server thread/INFO]: Saving chunks for level 'New World'/Overworld
[14:12:21] [Server thread/INFO]: Saving chunks for level 'New World'/Nether
[14:12:21] [Server thread/INFO]: Saving chunks for level 'New World'/The End
[14:12:41] [Server thread/INFO]: Saving and pausing game...
[14:12:41] [Server thread/INFO]: Saving chunks for level 'New World'/Overworld
[14:12:41] [Server thread/INFO]: Saving chunks for level 'New World'/Nether
[14:12:41] [Server thread/INFO]: Saving chunks for level 'New World'/The End
[14:12:52] [Server thread/INFO]: Saving and pausing game...
[14:12:52] [Server thread/INFO]: Saving chunks for level 'New World'/Overworld
[14:12:52] [Server thread/INFO]: Saving chunks for level 'New World'/Nether
[14:12:52] [Server thread/INFO]: Saving chunks for level 'New World'/The End
[14:13:03] [Server thread/INFO]: Saving and pausing game...
[14:13:03] [Server thread/INFO]: Saving chunks for level 'New World'/Overworld
[14:13:03] [Server thread/INFO]: Saving chunks for level 'New World'/Nether
[14:13:03] [Server thread/INFO]: Saving chunks for level 'New World'/The End
[14:13:40] [Server thread/INFO]: Saving and pausing game...
[14:13:40] [Server thread/INFO]: Saving chunks for level 'New World'/Overworld
[14:13:40] [Server thread/INFO]: Saving chunks for level 'New World'/Nether
[14:13:40] [Server thread/INFO]: Saving chunks for level 'New World'/The End
[14:13:55] [Server thread/INFO]: Saving and pausing game...
[14:13:55] [Server thread/INFO]: Saving chunks for level 'New World'/Overworld
[14:13:55] [Server thread/INFO]: Saving chunks for level 'New World'/Nether
[14:13:55] [Server thread/INFO]: Saving chunks for level 'New World'/The End
[14:14:23] [Server thread/INFO]: Saving and pausing game...
[14:14:23] [Server thread/INFO]: Saving chunks for level 'New World'/Overworld
[14:14:23] [Server thread/INFO]: Saving chunks for level 'New World'/Nether
[14:14:23] [Server thread/INFO]: Saving chunks for level 'New World'/The End
[14:14:48] [Server thread/INFO]: Saving and pausing game...
[14:14:48] [Server thread/INFO]: Saving chunks for level 'New World'/Overworld
[14:14:48] [Server thread/INFO]: Saving chunks for level 'New World'/Nether
[14:14:48] [Server thread/INFO]: Saving chunks for level 'New World'/The End
[14:14:55] [Server thread/INFO]: Saving and pausing game...
[14:14:55] [Server thread/INFO]: Saving chunks for level 'New World'/Overworld
[14:14:55] [Server thread/INFO]: Saving chunks for level 'New World'/Nether
[14:14:55] [Server thread/INFO]: Saving chunks for level 'New World'/The End
[14:15:17] [Server thread/INFO]: Saving and pausing game...
[14:15:17] [Server thread/INFO]: Saving chunks for level 'New World'/Overworld
[14:15:17] [Server thread/INFO]: Saving chunks for level 'New World'/Nether
[14:15:17] [Server thread/INFO]: Saving chunks for level 'New World'/The End
[14:15:23] [Server thread/INFO]: Saving and pausing game...
[14:15:23] [Server thread/INFO]: Saving chunks for level 'New World'/Overworld
[14:15:23] [Server thread/INFO]: Saving chunks for level 'New World'/Nether
[14:15:23] [Server thread/INFO]: Saving chunks for level 'New World'/The End
[14:15:35] [Server thread/INFO]: Saving and pausing game...
[14:15:35] [Server thread/INFO]: Saving chunks for level 'New World'/Overworld
[14:15:35] [Server thread/INFO]: Saving chunks for level 'New World'/Nether
[14:15:35] [Server thread/INFO]: Saving chunks for level 'New World'/The End
[14:15:55] [Server thread/INFO]: Saving and pausing game...
[14:15:55] [Server thread/INFO]: Saving chunks for level 'New World'/Overworld
[14:15:55] [Server thread/INFO]: Saving chunks for level 'New World'/Nether
[14:15:55] [Server thread/INFO]: Saving chunks for level 'New World'/The End
[14:16:10] [Server thread/INFO]: Saving and pausing game...
[14:16:10] [Server thread/INFO]: Saving chunks for level 'New World'/Overworld
[14:16:10] [Server thread/INFO]: Saving chunks for level 'New World'/Nether
[14:16:10] [Server thread/INFO]: Saving chunks for level 'New World'/The End
[14:16:24] [Server thread/INFO]: Saving and pausing game...
[14:16:24] [Server thread/INFO]: Saving chunks for level 'New World'/Overworld
[14:16:24] [Server thread/INFO]: Saving chunks for level 'New World'/Nether
[14:16:24] [Server thread/INFO]: Saving chunks for level 'New World'/The End
[14:16:49] [Server thread/INFO]: Saving and pausing game...
[14:16:49] [Server thread/INFO]: Saving chunks for level 'New World'/Overworld
[14:16:49] [Server thread/INFO]: Saving chunks for level 'New World'/Nether
[14:16:49] [Server thread/INFO]: Saving chunks for level 'New World'/The End
[14:17:10] [Server thread/INFO]: Saving and pausing game...
[14:17:10] [Server thread/INFO]: Saving chunks for level 'New World'/Overworld
[14:17:10] [Server thread/INFO]: Saving chunks for level 'New World'/Nether
[14:17:10] [Server thread/INFO]: Saving chunks for level 'New World'/The End
[14:17:24] [Server thread/INFO]: Saving and pausing game...
[14:17:24] [Server thread/INFO]: Saving chunks for level 'New World'/Overworld
[14:17:24] [Server thread/INFO]: Saving chunks for level 'New World'/Nether
[14:17:24] [Server thread/INFO]: Saving chunks for level 'New World'/The End
[14:17:47] [Server thread/INFO]: Player364 has just earned the achievement [Taking Inventory]
[14:17:47] [Client thread/INFO]: [CHAT] Player364 has just earned the achievement [Taking Inventory]
[14:17:53] [Server thread/INFO]: [Player364: Set the time to 1000]
[14:17:53] [Client thread/INFO]: [CHAT] Set the time to 1000
[14:18:08] [Server thread/INFO]: Saving and pausing game...
[14:18:08] [Server thread/INFO]: Saving chunks for level 'New World'/Overworld
[14:18:08] [Server thread/INFO]: Saving chunks for level 'New World'/Nether
[14:18:08] [Server thread/INFO]: Saving chunks for level 'New World'/The End
[14:18:32] [Server thread/INFO]: Saving and pausing game...
[14:18:32] [Server thread/INFO]: Saving chunks for level 'New World'/Overworld
[14:18:33] [Server thread/INFO]: Saving chunks for level 'New World'/Nether
[14:18:33] [Server thread/INFO]: Saving chunks for level 'New World'/The End
[14:18:41] [Server thread/INFO]: Saving and pausing game...
[14:18:41] [Server thread/INFO]: Saving chunks for level 'New World'/Overworld
[14:18:41] [Server thread/INFO]: Saving chunks for level 'New World'/Nether
[14:18:41] [Server thread/INFO]: Saving chunks for level 'New World'/The End
[14:19:16] [Server thread/INFO]: Saving and pausing game...
[14:19:16] [Server thread/INFO]: Saving chunks for level 'New World'/Overworld
[14:19:16] [Server thread/INFO]: Saving chunks for level 'New World'/Nether
[14:19:16] [Server thread/INFO]: Saving chunks for level 'New World'/The End
[14:19:31] [Server thread/INFO]: Saving and pausing game...
[14:19:31] [Server thread/INFO]: Saving chunks for level 'New World'/Overworld
[14:19:31] [Server thread/INFO]: Saving chunks for level 'New World'/Nether
[14:19:31] [Server thread/INFO]: Saving chunks for level 'New World'/The End
[14:19:56] [Server thread/INFO]: Saving and pausing game...
[14:19:56] [Server thread/INFO]: Saving chunks for level 'New World'/Overworld
[14:19:56] [Server thread/INFO]: Saving chunks for level 'New World'/Nether
[14:19:56] [Server thread/INFO]: Saving chunks for level 'New World'/The End
[14:21:06] [Server thread/INFO]: Saving and pausing game...
[14:21:06] [Server thread/INFO]: Saving chunks for level 'New World'/Overworld
[14:21:06] [Server thread/INFO]: Saving chunks for level 'New World'/Nether
[14:21:06] [Server thread/INFO]: Saving chunks for level 'New World'/The End
[14:21:22] [Server thread/INFO]: Saving and pausing game...
[14:21:22] [Server thread/INFO]: Saving chunks for level 'New World'/Overworld
[14:21:22] [Server thread/INFO]: Saving chunks for level 'New World'/Nether
[14:21:22] [Server thread/INFO]: Saving chunks for level 'New World'/The End
[14:21:48] [Server thread/INFO]: Saving and pausing game...
[14:21:48] [Server thread/INFO]: Saving chunks for level 'New World'/Overworld
[14:21:48] [Server thread/INFO]: Saving chunks for level 'New World'/Nether
[14:21:48] [Server thread/INFO]: Saving chunks for level 'New World'/The End
[14:22:03] [Server thread/INFO]: Saving and pausing game...
[14:22:03] [Server thread/INFO]: Saving chunks for level 'New World'/Overworld
[14:22:03] [Server thread/INFO]: Saving chunks for level 'New World'/Nether
[14:22:03] [Server thread/INFO]: Saving chunks for level 'New World'/The End
[14:22:32] [Server thread/INFO]: Saving and pausing game...
[14:22:32] [Server thread/INFO]: Saving chunks for level 'New World'/Overworld
[14:22:32] [Server thread/INFO]: Saving chunks for level 'New World'/Nether
[14:22:32] [Server thread/INFO]: Saving chunks for level 'New World'/The End
[14:23:28] [Server thread/INFO]: Saving and pausing game...
[14:23:28] [Server thread/INFO]: Saving chunks for level 'New World'/Overworld
[14:23:28] [Server thread/INFO]: Saving chunks for level 'New World'/Nether
[14:23:28] [Server thread/INFO]: Saving chunks for level 'New World'/The End
[14:23:50] [Server thread/INFO]: Saving and pausing game...
[14:23:50] [Server thread/INFO]: Saving chunks for level 'New World'/Overworld
[14:23:50] [Server thread/INFO]: Saving chunks for level 'New World'/Nether
[14:23:50] [Server thread/INFO]: Saving chunks for level 'New World'/The End
[14:24:15] [Server thread/INFO]: Saving and pausing game...
[14:24:16] [Server thread/INFO]: Saving chunks for level 'New World'/Overworld
[14:24:16] [Server thread/INFO]: Saving chunks for level 'New World'/Nether
[14:24:16] [Server thread/INFO]: Saving chunks for level 'New World'/The End
[14:24:26] [Server thread/INFO]: Saving and pausing game...
[14:24:26] [Server thread/INFO]: Saving chunks for level 'New World'/Overworld
[14:24:26] [Server thread/INFO]: Saving chunks for level 'New World'/Nether
[14:24:26] [Server thread/INFO]: Saving chunks for level 'New World'/The End
[14:24:42] [Server thread/INFO]: Saving and pausing game...
[14:24:42] [Server thread/INFO]: Saving chunks for level 'New World'/Overworld
[14:24:42] [Server thread/INFO]: Saving chunks for level 'New World'/Nether
[14:24:42] [Server thread/INFO]: Saving chunks for level 'New World'/The End
[14:25:02] [Server thread/INFO]: Saving and pausing game...
[14:25:02] [Server thread/INFO]: Saving chunks for level 'New World'/Overworld
[14:25:02] [Server thread/INFO]: Saving chunks for level 'New World'/Nether
[14:25:02] [Server thread/INFO]: Saving chunks for level 'New World'/The End
